Build started 7/25/2020 08:12:14.
     1>Project "D:\Users\Felix\documents\visual studio 2010\Projects\wow\trnamsantower\trnamsantower.vcxproj" on node 2 (build target(s)).
     1>InitializeBuildStatus:
         Creating "Debug\trnamsantower.unsuccessfulbuild" because "AlwaysCreate" was specified.
       ClCompile:
         D:\instalan visual studio 2010\VC\bin\CL.exe /c /I"D:\Users\Felix\documents\visual studio 2010\Projects\trnamsantower\trnamsantower" /ZI /nologo /W3 /WX- /Od /Oy- /D _MBCS /Gm /EHsc /RTC1 /MDd /GS /fp:precise /Zc:wchar_t /Zc:forScope /Fo"Debug\\" /Fd"Debug\vc100.pdb" /Gd /TP /analyze- /errorReport:prompt main.cpp
         main.cpp
     1>d:\users\felix\documents\visual studio 2010\projects\wow\trnamsantower\main.cpp(536): warning C4101: 'posz' : unreferenced local variable
     1>d:\users\felix\documents\visual studio 2010\projects\wow\trnamsantower\main.cpp(1358): warning C4101: 'c' : unreferenced local variable
     1>d:\users\felix\documents\visual studio 2010\projects\wow\trnamsantower\main.cpp(2011): warning C4789: destination of memory copy is too small
     1>d:\users\felix\documents\visual studio 2010\projects\wow\trnamsantower\main.cpp(2012): warning C4789: destination of memory copy is too small
     1>d:\users\felix\documents\visual studio 2010\projects\wow\trnamsantower\main.cpp(2013): warning C4789: destination of memory copy is too small
     1>d:\users\felix\documents\visual studio 2010\projects\wow\trnamsantower\main.cpp(2014): warning C4789: destination of memory copy is too small
     1>d:\users\felix\documents\visual studio 2010\projects\wow\trnamsantower\main.cpp(2015): warning C4789: destination of memory copy is too small
     1>d:\users\felix\documents\visual studio 2010\projects\wow\trnamsantower\main.cpp(2016): warning C4789: destination of memory copy is too small
     1>d:\users\felix\documents\visual studio 2010\projects\wow\trnamsantower\main.cpp(2017): warning C4789: destination of memory copy is too small
     1>d:\users\felix\documents\visual studio 2010\projects\wow\trnamsantower\main.cpp(2018): warning C4789: destination of memory copy is too small
     1>d:\users\felix\documents\visual studio 2010\projects\wow\trnamsantower\main.cpp(2019): warning C4789: destination of memory copy is too small
       Link:
         D:\instalan visual studio 2010\VC\bin\link.exe /ERRORREPORT:PROMPT /OUT:"D:\Users\Felix\documents\visual studio 2010\Projects\wow\Debug\trnamsantower.exe" /NOLOGO kernel32.lib user32.lib gdi32.lib winspool.lib comdlg32.lib advapi32.lib shell32.lib ole32.lib oleaut32.lib uuid.lib odbc32.lib odbccp32.lib /MANIFEST /ManifestFile:"Debug\trnamsantower.exe.intermediate.manifest" /MANIFESTUAC:"level='asInvoker' uiAccess='false'" /DEBUG /PDB:"D:\Users\Felix\documents\visual studio 2010\Projects\wow\Debug\trnamsantower.pdb" /TLBID:1 /DYNAMICBASE /NXCOMPAT /IMPLIB:"D:\Users\Felix\documents\visual studio 2010\Projects\wow\Debug\trnamsantower.lib" /MACHINE:X86 Debug\main.obj
         LINK : D:\Users\Felix\documents\visual studio 2010\Projects\wow\Debug\trnamsantower.exe not found or not built by the last incremental link; performing full link
         trnamsantower.vcxproj -> D:\Users\Felix\documents\visual studio 2010\Projects\wow\Debug\trnamsantower.exe
       Manifest:
         C:\Program Files (x86)\Microsoft SDKs\Windows\v7.0A\bin\mt.exe /nologo /verbose /outputresource:"D:\Users\Felix\documents\visual studio 2010\Projects\wow\Debug\trnamsantower.exe;#1" /manifest Debug\trnamsantower.exe.intermediate.manifest
       FinalizeBuildStatus:
         Deleting file "Debug\trnamsantower.unsuccessfulbuild".
         Touching "Debug\trnamsantower.lastbuildstate".
     1>Done Building Project "D:\Users\Felix\documents\visual studio 2010\Projects\wow\trnamsantower\trnamsantower.vcxproj" (build target(s)).

Build succeeded.

Time Elapsed 00:00:01.05
